[debug] [2018-06-16T17:21:30.800Z] ----------------------------------------------------------------------
[debug] [2018-06-16T17:21:30.802Z] Command:       /usr/local/bin/node /usr/local/bin/firebase deploy
[debug] [2018-06-16T17:21:30.802Z] CLI Version:   3.18.6
[debug] [2018-06-16T17:21:30.802Z] Platform:      darwin
[debug] [2018-06-16T17:21:30.802Z] Node Version:  v9.5.0
[debug] [2018-06-16T17:21:30.802Z] Time:          Sat Jun 16 2018 22:51:30 GMT+0530 (IST)
[debug] [2018-06-16T17:21:30.803Z] ----------------------------------------------------------------------
[debug] 
[debug] [2018-06-16T17:21:30.820Z] > command requires scopes: ["email","openid","https://www.googleapis.com/auth/cloudplatformprojects.readonly","https://www.googleapis.com/auth/firebase","https://www.googleapis.com/auth/cloud-platform"]
[debug] [2018-06-16T17:21:30.820Z] > authorizing via signed-in user
[debug] [2018-06-16T17:21:30.822Z] > refreshing access token with scopes: ["email","https://www.googleapis.com/auth/cloud-platform","https://www.googleapis.com/auth/cloudplatformprojects.readonly","https://www.googleapis.com/auth/firebase","openid"]
[debug] [2018-06-16T17:21:30.822Z] >>> HTTP REQUEST POST https://www.googleapis.com/oauth2/v3/token  
 { refresh_token: '1/1jYZXA1legheLbhjsm021Qk-kerR59gKC-3FnN84djI',
  client_id: '563584335869-fgrhgmd47bqnekij5i8b5pr03ho849e6.apps.googleusercontent.com',
  client_secret: 'j9iVZfS8kkCEFUPaAeJV0sAi',
  grant_type: 'refresh_token',
  scope: 'email https://www.googleapis.com/auth/cloud-platform https://www.googleapis.com/auth/cloudplatformprojects.readonly https://www.googleapis.com/auth/firebase openid' } 
 Sat Jun 16 2018 22:51:30 GMT+0530 (IST)
[debug] [2018-06-16T17:21:31.846Z] <<< HTTP RESPONSE 200
[debug] [2018-06-16T17:21:31.864Z] >>> HTTP REQUEST GET https://admin.firebase.com/v1/projects/angularproject-3a7a1  
  
 Sat Jun 16 2018 22:51:31 GMT+0530 (IST)
[info] 
[warn] ⚠  Your CLI authentication needs to be updated to take advantage of new features.
[warn] ⚠  Please run firebase login --reauth
[info] 
[debug] [2018-06-16T17:21:34.881Z] > command requires scopes: ["email","openid","https://www.googleapis.com/auth/cloudplatformprojects.readonly","https://www.googleapis.com/auth/firebase"]
[debug] [2018-06-16T17:21:34.882Z] > authorizing via signed-in user
[debug] [2018-06-16T17:21:34.883Z] > refreshing access token with scopes: ["email","https://www.googleapis.com/auth/cloudplatformprojects.readonly","https://www.googleapis.com/auth/firebase","openid"]
[debug] [2018-06-16T17:21:34.883Z] >>> HTTP REQUEST POST https://www.googleapis.com/oauth2/v3/token  
 { refresh_token: '1/1jYZXA1legheLbhjsm021Qk-kerR59gKC-3FnN84djI',
  client_id: '563584335869-fgrhgmd47bqnekij5i8b5pr03ho849e6.apps.googleusercontent.com',
  client_secret: 'j9iVZfS8kkCEFUPaAeJV0sAi',
  grant_type: 'refresh_token',
  scope: 'email https://www.googleapis.com/auth/cloudplatformprojects.readonly https://www.googleapis.com/auth/firebase openid' } 
 Sat Jun 16 2018 22:51:34 GMT+0530 (IST)
[debug] [2018-06-16T17:21:35.202Z] <<< HTTP RESPONSE 200
[debug] [2018-06-16T17:21:35.220Z] >>> HTTP REQUEST GET https://admin.firebase.com/v1/projects/angularproject-3a7a1  
  
 Sat Jun 16 2018 22:51:35 GMT+0530 (IST)
[debug] [2018-06-16T17:21:35.642Z] Error: getaddrinfo ENOTFOUND admin.firebase.com admin.firebase.com:443
    at errnoException (dns.js:55:10)
    at GetAddrInfoReqWrap.onlookup [as oncomplete] (dns.js:97:26)
[error] 
[error] Error: Server Error. getaddrinfo ENOTFOUND admin.firebase.com admin.firebase.com:443
